<?xml version="1.0" encoding="UTF-8"?>
<!-- Generated by org.testng.reporters.JUnitXMLReporter -->
<testsuite hostname="Admin-PC" ignored="0" name="Default test" tests="6" failures="0" timestamp="2020-08-11T18:20:25 IST" time="43.81" errors="0">
  <testcase name="LoginTest" time="1.912" classname="execution.ExecuteERPtest"/>
  <testcase name="ClickOnCompanyProfile" time="8.841" classname="execution.ExecuteERPtest"/>
  <testcase name="setCompanyProfile" time="4.938" classname="execution.ExecuteERPtest"/>
  <testcase name="clickOnSettings" time="4.13" classname="execution.ExecuteERPtest"/>
  <testcase name="createUser" time="6.078" classname="execution.ExecuteERPtest"/>
  <testcase name="assignAdminrole" time="4.308" classname="execution.ExecuteERPtest"/>
</testsuite> <!-- Default test -->
